-------------------------------------------------------------------------------
Test set: TestSuite
-------------------------------------------------------------------------------
Tests run: 1, Failures: 1, Errors: 0, Skipped: 0, Time elapsed: 35.479 s <<< FAILURE! - in TestSuite
LoginIn(com.duke.testCases.loginIn)  Time elapsed: 0.966 s  <<< FAILURE!
java.lang.AssertionError: Test Failed
	at com.duke.testCases.loginIn.LoginIn(loginIn.java:24)

